TN:
SF:src\main.ts
FN:8,bootstrap
FNF:1
FNH:0
FNDA:0,bootstrap
DA:1,0
DA:2,0
DA:3,0
DA:4,0
DA:5,0
DA:6,0
DA:9,0
DA:10,0
DA:12,0
DA:13,0
DA:14,0
DA:17,0
DA:18,0
DA:19,0
DA:21,0
DA:22,0
DA:25,0
DA:26,0
DA:28,0
DA:30,0
DA:31,0
DA:39,0
DA:40,0
DA:46,0
DA:47,0
DA:54,0
DA:55,0
DA:60,0
DA:61,0
DA:64,0
DA:65,0
DA:67,0
DA:70,0
DA:74,0
DA:75,0
DA:79,0
LF:36
LH:0
BRF:0
BRH:0
end_of_record
TN:
SF:src\config\config.module.ts
FN:8,(anonymous_1)
FN:11,(anonymous_2)
FNF:2
FNH:0
FNDA:0,(anonymous_1)
FNDA:0,(anonymous_2)
DA:1,2
DA:2,2
DA:8,2
DA:9,0
DA:12,0
DA:13,0
DA:15,0
DA:20,0
LF:8
LH:3
BRF:0
BRH:0
end_of_record
TN:
SF:src\config\configuration.ts
FN:48,(anonymous_0)
FN:53,(anonymous_1)
FNF:2
FNH:2
FNDA:14,(anonymous_0)
FNDA:1,(anonymous_1)
DA:1,3
DA:3,3
DA:48,3
DA:49,14
DA:50,14
DA:52,1
DA:53,1
DA:54,1
DA:56,0
LF:9
LH:8
BRDA:52,0,0,1
BRDA:52,0,1,0
BRF:2
BRH:1
end_of_record
TN:
SF:src\config\yaml-config.service.ts
FN:12,(anonymous_11)
FN:16,(anonymous_12)
FN:42,(anonymous_13)
FN:115,(anonymous_14)
FN:119,(anonymous_15)
FN:123,(anonymous_16)
FN:127,(anonymous_17)
FN:131,(anonymous_18)
FNF:8
FNH:7
FNDA:15,(anonymous_11)
FNDA:84,(anonymous_12)
FNDA:15,(anonymous_13)
FNDA:2,(anonymous_14)
FNDA:1,(anonymous_15)
FNDA:1,(anonymous_16)
FNDA:1,(anonymous_17)
FNDA:0,(anonymous_18)
DA:1,3
DA:2,3
DA:3,3
DA:4,3
DA:5,3
DA:8,3
DA:9,15
DA:13,15
DA:17,84
DA:19,84
DA:20,168
DA:21,168
DA:22,168
DA:24,168
DA:32,70
DA:34,98
DA:39,84
DA:43,15
DA:47,15
DA:49,15
DA:51,15
DA:52,1
DA:53,1
DA:56,14
DA:57,14
DA:58,14
DA:62,14
DA:63,14
DA:65,14
DA:66,14
DA:69,14
DA:70,14
DA:72,14
DA:73,14
DA:74,14
DA:76,14
DA:77,14
DA:78,14
DA:79,14
DA:83,14
DA:84,14
DA:89,14
DA:90,14
DA:91,14
DA:93,0
DA:98,0
DA:101,14
DA:102,14
DA:103,13
DA:105,2
DA:110,2
DA:111,2
DA:116,2
DA:120,1
DA:124,1
DA:128,1
DA:132,0
LF:57
LH:54
BRDA:20,0,0,168
BRDA:20,0,1,0
BRDA:24,1,0,70
BRDA:24,1,1,98
BRDA:25,2,0,168
BRDA:25,2,1,167
BRDA:25,2,2,167
BRDA:25,2,3,70
BRDA:25,2,4,70
BRDA:25,2,5,70
BRDA:47,3,0,15
BRDA:47,3,1,15
BRDA:51,4,0,1
BRDA:51,4,1,14
BRDA:72,5,0,14
BRDA:72,5,1,0
BRDA:72,6,0,14
BRDA:72,6,1,14
BRDA:76,7,0,14
BRDA:76,7,1,0
BRF:20
BRH:17
end_of_record
TN:
SF:src\modules\app\app.module.ts
FN:25,(anonymous_1)
FN:28,(anonymous_2)
FNF:2
FNH:0
FNDA:0,(anonymous_1)
FNDA:0,(anonymous_2)
DA:1,0
DA:2,0
DA:3,0
DA:4,0
DA:5,0
DA:6,0
DA:7,0
DA:25,0
DA:26,0
DA:29,0
DA:30,0
DA:32,0
DA:37,0
LF:13
LH:0
BRF:0
BRH:0
end_of_record
TN:
SF:src\modules\avatar\avatar.controller.ts
FN:27,(anonymous_4)
FN:34,(anonymous_5)
FN:56,(anonymous_6)
FN:90,(anonymous_7)
FN:112,(anonymous_8)
FN:144,(anonymous_9)
FN:174,(anonymous_10)
FNF:7
FNH:7
FNDA:17,(anonymous_4)
FNDA:4,(anonymous_5)
FNDA:2,(anonymous_6)
FNDA:3,(anonymous_7)
FNDA:1,(anonymous_8)
FNDA:4,(anonymous_9)
FNDA:3,(anonymous_10)
DA:1,1
DA:15,1
DA:16,1
DA:17,1
DA:18,1
DA:26,1
DA:27,17
DA:34,1
DA:35,4
DA:36,4
DA:37,2
DA:43,2
DA:56,1
DA:57,2
DA:58,2
DA:59,1
DA:65,1
DA:90,1
DA:91,3
DA:92,3
DA:93,2
DA:99,1
DA:112,1
DA:113,1
DA:114,1
DA:115,1
DA:121,0
DA:144,1
DA:145,4
DA:146,4
DA:148,3
DA:156,3
DA:158,1
DA:159,1
DA:174,1
DA:175,3
DA:176,3
DA:177,1
DA:182,2
DA:183,2
LF:40
LH:39
BRDA:158,0,0,1
BRDA:158,0,1,0
BRDA:182,1,0,2
BRDA:182,1,1,1
BRDA:144,2,0,0
BRDA:144,2,1,1
BRDA:144,3,0,1
BRDA:144,3,1,0
BRF:8
BRH:5
end_of_record
TN:
SF:src\modules\avatar\avatar.module.ts
FN:15,(anonymous_1)
FN:18,(anonymous_2)
FNF:2
FNH:0
FNDA:0,(anonymous_1)
FNDA:0,(anonymous_2)
DA:1,0
DA:2,0
DA:3,0
DA:4,0
DA:5,0
DA:6,0
DA:7,0
DA:15,0
DA:16,0
DA:19,0
DA:20,0
DA:22,0
DA:27,0
LF:13
LH:0
BRF:0
BRH:0
end_of_record
TN:
SF:src\modules\avatar\avatar.service.ts
FN:15,(anonymous_2)
FN:21,(anonymous_3)
FN:67,(anonymous_4)
FN:115,(anonymous_5)
FN:148,(anonymous_6)
FN:152,(anonymous_7)
FN:196,(anonymous_8)
FNF:7
FNH:7
FNDA:18,(anonymous_2)
FNDA:4,(anonymous_3)
FNDA:7,(anonymous_4)
FNDA:3,(anonymous_5)
FNDA:1,(anonymous_6)
FNDA:4,(anonymous_7)
FNDA:2,(anonymous_8)
DA:1,2
DA:2,2
DA:3,2
DA:9,2
DA:12,2
DA:13,18
DA:16,18
DA:17,18
DA:18,18
DA:22,4
DA:24,4
DA:26,4
DA:27,2
DA:31,2
DA:39,1
DA:42,1
DA:54,1
DA:56,1
DA:62,3
DA:63,3
DA:68,7
DA:70,7
DA:72,7
DA:73,2
DA:77,5
DA:81,5
DA:82,2
DA:86,3
DA:89,3
DA:90,3
DA:93,3
DA:94,1
DA:97,3
DA:99,3
DA:107,4
DA:108,4
DA:110,0
DA:111,0
DA:116,3
DA:118,3
DA:120,3
DA:124,3
DA:125,2
DA:129,1
DA:132,1
DA:136,1
DA:138,1
DA:140,2
DA:141,2
DA:143,0
DA:144,0
DA:149,1
DA:153,4
DA:155,4
DA:156,4
DA:157,4
DA:159,4
DA:177,4
DA:179,4
DA:181,4
DA:191,0
DA:192,0
DA:197,2
DA:198,2
LF:64
LH:58
BRDA:26,0,0,2
BRDA:26,0,1,2
BRDA:26,1,0,4
BRDA:26,1,1,4
BRDA:72,2,0,2
BRDA:72,2,1,5
BRDA:72,3,0,7
BRDA:72,3,1,3
BRDA:72,3,2,3
BRDA:81,4,0,2
BRDA:81,4,1,3
BRDA:89,5,0,1
BRDA:89,5,1,2
BRDA:93,6,0,1
BRDA:93,6,1,2
BRDA:107,7,0,4
BRDA:107,7,1,0
BRDA:107,8,0,4
BRDA:107,8,1,2
BRDA:124,9,0,2
BRDA:124,9,1,1
BRDA:140,10,0,2
BRDA:140,10,1,0
BRDA:156,11,0,4
BRDA:156,11,1,1
BRDA:157,12,0,4
BRDA:157,12,1,3
BRDA:200,13,0,1
BRDA:200,13,1,1
BRF:29
BRH:27
end_of_record
TN:
SF:src\modules\avatar\modules\generator\generator.module.ts
FN:8,(anonymous_1)
FN:11,(anonymous_2)
FNF:2
FNH:0
FNDA:0,(anonymous_1)
FNDA:0,(anonymous_2)
DA:1,2
DA:2,2
DA:8,2
DA:9,0
DA:12,0
DA:13,0
DA:15,0
DA:20,0
LF:8
LH:3
BRF:0
BRH:0
end_of_record
TN:
SF:src\modules\avatar\modules\generator\generator.service.ts
FN:8,(anonymous_2)
FN:19,(anonymous_3)
FN:35,(anonymous_4)
FN:90,(anonymous_5)
FN:149,(anonymous_6)
FN:151,(anonymous_7)
FN:157,(anonymous_8)
FN:167,(anonymous_9)
FN:197,(anonymous_10)
FN:222,(anonymous_11)
FNF:10
FNH:0
FNDA:0,(anonymous_2)
FNDA:0,(anonymous_3)
FNDA:0,(anonymous_4)
FNDA:0,(anonymous_5)
FNDA:0,(anonymous_6)
FNDA:0,(anonymous_7)
FNDA:0,(anonymous_8)
FNDA:0,(anonymous_9)
FNDA:0,(anonymous_10)
FNDA:0,(anonymous_11)
DA:1,2
DA:2,2
DA:3,2
DA:5,2
DA:8,2
DA:9,0
DA:11,0
DA:25,0
DA:27,0
DA:28,0
DA:31,0
DA:32,0
DA:34,0
DA:35,0
DA:36,0
DA:37,0
DA:38,0
DA:42,0
DA:45,0
DA:86,0
DA:87,0
DA:96,0
DA:98,0
DA:99,0
DA:101,0
DA:102,0
DA:104,0
DA:105,0
DA:106,0
DA:107,0
DA:108,0
DA:112,0
DA:113,0
DA:115,0
DA:116,0
DA:117,0
DA:119,0
DA:120,0
DA:122,0
DA:123,0
DA:124,0
DA:127,0
DA:129,0
DA:131,0
DA:132,0
DA:133,0
DA:134,0
DA:138,0
DA:150,0
DA:151,0
DA:152,0
DA:153,0
DA:158,0
DA:159,0
DA:160,0
DA:161,0
DA:162,0
DA:164,0
DA:169,0
DA:182,0
DA:183,0
DA:185,0
DA:187,0
DA:190,0
DA:198,0
DA:200,0
DA:202,0
DA:205,0
DA:215,0
DA:218,0
DA:223,0
LF:71
LH:5
BRDA:34,0,0,0
BRDA:34,0,1,0
BRDA:36,1,0,0
BRDA:36,1,1,0
BRDA:42,2,0,0
BRDA:42,2,1,0
BRDA:98,3,0,0
BRDA:98,3,1,0
BRDA:112,4,0,0
BRDA:112,4,1,0
BRDA:113,5,0,0
BRDA:113,5,1,0
BRDA:123,6,0,0
BRDA:123,6,1,0
BRDA:127,7,0,0
BRDA:127,7,1,0
BRDA:129,8,0,0
BRDA:129,8,1,0
BRDA:182,9,0,0
BRDA:182,9,1,0
BRDA:185,10,0,0
BRDA:185,10,1,0
BRDA:200,11,0,0
BRDA:200,11,1,0
BRDA:200,11,2,0
BRDA:200,11,3,0
BRF:26
BRH:0
end_of_record
TN:
SF:src\modules\database\database.module.ts
FN:74,(anonymous_1)
FN:77,(anonymous_2)
FN:45,(anonymous_3)
FN:66,(anonymous_4)
FNF:4
FNH:0
FNDA:0,(anonymous_1)
FNDA:0,(anonymous_2)
FNDA:0,(anonymous_3)
FNDA:0,(anonymous_4)
DA:1,2
DA:2,2
DA:3,2
DA:4,2
DA:5,2
DA:6,2
DA:7,2
DA:46,0
DA:47,0
DA:49,0
DA:51,0
DA:54,0
DA:57,0
DA:67,0
DA:74,2
DA:75,0
DA:78,0
DA:79,0
DA:81,0
DA:86,0
LF:20
LH:8
BRDA:49,0,0,0
BRDA:49,0,1,0
BRDA:49,0,2,0
BRF:3
BRH:0
end_of_record
TN:
SF:src\modules\database\database.service.ts
FN:31,(anonymous_2)
FN:50,(anonymous_3)
FN:59,(anonymous_4)
FN:63,(anonymous_5)
FN:78,(anonymous_6)
FN:83,(anonymous_7)
FN:87,(anonymous_8)
FN:91,(anonymous_9)
FN:101,(anonymous_10)
FN:105,(anonymous_11)
FN:109,(anonymous_12)
FN:113,(anonymous_13)
FN:117,(anonymous_14)
FN:121,(anonymous_15)
FN:125,(anonymous_16)
FN:129,(anonymous_17)
FN:133,(anonymous_18)
FN:142,(anonymous_19)
FNF:18
FNH:0
FNDA:0,(anonymous_2)
FNDA:0,(anonymous_3)
FNDA:0,(anonymous_4)
FNDA:0,(anonymous_5)
FNDA:0,(anonymous_6)
FNDA:0,(anonymous_7)
FNDA:0,(anonymous_8)
FNDA:0,(anonymous_9)
FNDA:0,(anonymous_10)
FNDA:0,(anonymous_11)
FNDA:0,(anonymous_12)
FNDA:0,(anonymous_13)
FNDA:0,(anonymous_14)
FNDA:0,(anonymous_15)
FNDA:0,(anonymous_16)
FNDA:0,(anonymous_17)
FNDA:0,(anonymous_18)
FNDA:0,(anonymous_19)
DA:1,2
DA:2,2
DA:25,2
DA:26,0
DA:32,0
DA:35,0
DA:36,0
DA:38,0
DA:40,0
DA:51,0
DA:60,0
DA:64,0
DA:65,0
DA:66,0
DA:67,0
DA:69,0
DA:74,0
DA:79,0
DA:80,0
DA:84,0
DA:88,0
DA:92,0
DA:93,0
DA:102,0
DA:106,0
DA:110,0
DA:114,0
DA:118,0
DA:122,0
DA:126,0
DA:130,0
DA:134,0
DA:143,0
LF:33
LH:3
BRF:0
BRH:0
end_of_record
TN:
SF:src\modules\database\constants\database.constants.ts
FN:24,(anonymous_0)
FNF:1
FNH:1
FNDA:2,(anonymous_0)
DA:19,2
DA:24,2
DA:25,2
DA:26,2
LF:4
LH:4
BRDA:24,0,0,2
BRDA:24,0,1,2
BRF:2
BRH:2
end_of_record
TN:
SF:src\modules\database\providers\postgres-database.service.ts
FN:30,(anonymous_2)
FN:61,(anonymous_3)
FN:72,(anonymous_4)
FN:113,(anonymous_5)
FN:148,(anonymous_6)
FN:149,(anonymous_7)
FN:152,(anonymous_8)
FN:156,(anonymous_9)
FN:168,(anonymous_10)
FN:184,(anonymous_11)
FN:192,(anonymous_12)
FNF:11
FNH:0
FNDA:0,(anonymous_2)
FNDA:0,(anonymous_3)
FNDA:0,(anonymous_4)
FNDA:0,(anonymous_5)
FNDA:0,(anonymous_6)
FNDA:0,(anonymous_7)
FNDA:0,(anonymous_8)
FNDA:0,(anonymous_9)
FNDA:0,(anonymous_10)
FNDA:0,(anonymous_11)
FNDA:0,(anonymous_12)
DA:1,2
DA:2,2
DA:3,2
DA:24,2
DA:26,0
DA:30,0
DA:32,0
DA:34,0
DA:38,0
DA:39,0
DA:44,0
DA:46,0
DA:51,0
DA:53,0
DA:54,0
DA:56,0
DA:62,0
DA:80,0
DA:83,0
DA:84,0
DA:90,0
DA:92,0
DA:93,0
DA:96,0
DA:99,0
DA:100,0
DA:103,0
DA:115,0
DA:120,0
DA:121,0
DA:122,0
DA:123,0
DA:125,0
DA:127,0
DA:128,0
DA:131,0
DA:132,0
DA:135,0
DA:136,0
DA:149,0
DA:153,0
DA:157,0
DA:158,0
DA:159,0
DA:160,0
DA:161,0
DA:163,0
DA:169,0
DA:170,0
DA:171,0
DA:174,0
DA:175,0
DA:176,0
DA:178,0
DA:179,0
DA:180,0
DA:185,0
DA:193,0
DA:194,0
DA:195,0
LF:60
LH:4
BRDA:38,0,0,0
BRDA:38,0,1,0
BRDA:74,1,0,0
BRDA:75,2,0,0
BRDA:76,3,0,0
BRDA:77,4,0,0
BRDA:78,5,0,0
BRDA:79,6,0,0
BRDA:80,7,0,0
BRDA:80,7,1,0
BRDA:83,8,0,0
BRDA:83,8,1,0
BRDA:83,9,0,0
BRDA:83,9,1,0
BRDA:83,9,2,0
BRDA:92,10,0,0
BRDA:92,10,1,0
BRDA:99,11,0,0
BRDA:99,11,1,0
BRDA:113,12,0,0
BRDA:127,13,0,0
BRDA:127,13,1,0
BRDA:137,14,0,0
BRDA:137,14,1,0
BRDA:157,15,0,0
BRDA:157,15,1,0
BRDA:169,16,0,0
BRDA:169,16,1,0
BRF:28
BRH:0
end_of_record
TN:
SF:src\modules\database\providers\sqlite-database.service.ts
FN:33,(anonymous_11)
FN:63,(anonymous_12)
FN:74,(anonymous_13)
FN:92,(anonymous_14)
FN:177,(anonymous_15)
FN:217,(anonymous_16)
FN:218,(anonymous_17)
FN:221,(anonymous_18)
FN:225,(anonymous_19)
FN:237,(anonymous_20)
FN:253,(anonymous_21)
FN:261,(anonymous_22)
FNF:12
FNH:0
FNDA:0,(anonymous_11)
FNDA:0,(anonymous_12)
FNDA:0,(anonymous_13)
FNDA:0,(anonymous_14)
FNDA:0,(anonymous_15)
FNDA:0,(anonymous_16)
FNDA:0,(anonymous_17)
FNDA:0,(anonymous_18)
FNDA:0,(anonymous_19)
FNDA:0,(anonymous_20)
FNDA:0,(anonymous_21)
FNDA:0,(anonymous_22)
DA:1,2
DA:2,2
DA:3,2
DA:4,2
DA:5,2
DA:26,2
DA:28,0
DA:33,0
DA:34,0
DA:37,0
DA:39,0
DA:40,0
DA:45,0
DA:48,0
DA:50,0
DA:55,0
DA:57,0
DA:58,0
DA:59,0
DA:60,0
DA:64,0
DA:76,0
DA:79,0
DA:80,0
DA:83,0
DA:93,0
DA:96,0
DA:97,0
DA:113,0
DA:114,0
DA:118,0
DA:119,0
DA:139,0
DA:140,0
DA:144,0
DA:145,0
DA:147,0
DA:161,0
DA:162,0
DA:167,0
DA:179,0
DA:185,0
DA:186,0
DA:189,0
DA:190,0
DA:191,0
DA:192,0
DA:194,0
DA:196,0
DA:197,0
DA:200,0
DA:201,0
DA:204,0
DA:205,0
DA:218,0
DA:222,0
DA:226,0
DA:227,0
DA:228,0
DA:229,0
DA:230,0
DA:232,0
DA:238,0
DA:239,0
DA:240,0
DA:243,0
DA:244,0
DA:245,0
DA:247,0
DA:248,0
DA:249,0
DA:254,0
DA:262,0
DA:263,0
DA:264,0
LF:75
LH:6
BRDA:39,0,0,0
BRDA:39,0,1,0
BRDA:79,1,0,0
BRDA:79,1,1,0
BRDA:96,2,0,0
BRDA:96,2,1,0
BRDA:118,3,0,0
BRDA:118,3,1,0
BRDA:177,4,0,0
BRDA:185,5,0,0
BRDA:185,5,1,0
BRDA:196,6,0,0
BRDA:196,6,1,0
BRDA:206,7,0,0
BRDA:206,7,1,0
BRDA:226,8,0,0
BRDA:226,8,1,0
BRDA:238,9,0,0
BRDA:238,9,1,0
BRF:19
BRH:0
end_of_record
TN:
SF:src\modules\health\health.controller.ts
FN:9,(anonymous_2)
FN:18,(anonymous_3)
FNF:2
FNH:2
FNDA:3,(anonymous_2)
FNDA:3,(anonymous_3)
DA:1,1
DA:7,1
DA:9,1
DA:10,3
DA:18,1
DA:19,3
LF:6
LH:6
BRF:0
BRH:0
end_of_record
TN:
SF:src\modules\health\health.module.ts
FNF:0
FNH:0
DA:1,0
DA:2,0
DA:10,0
LF:3
LH:0
BRF:0
BRH:0
end_of_record
TN:
SF:src\modules\initialization\initialization.module.ts
FN:52,(anonymous_1)
FN:55,(anonymous_2)
FNF:2
FNH:0
FNDA:0,(anonymous_1)
FNDA:0,(anonymous_2)
DA:1,0
DA:2,0
DA:3,0
DA:4,0
DA:52,0
DA:53,0
DA:56,0
DA:57,0
DA:61,0
DA:66,0
LF:10
LH:0
BRF:0
BRH:0
end_of_record
TN:
SF:src\modules\initialization\services\directory-initializer.service.ts
FN:22,(anonymous_2)
FN:26,(anonymous_3)
FN:65,(anonymous_4)
FN:85,(anonymous_5)
FN:115,(anonymous_6)
FN:151,(anonymous_7)
FN:162,(anonymous_8)
FN:179,(anonymous_9)
FN:192,(anonymous_10)
FN:215,(anonymous_11)
FN:244,(anonymous_12)
FN:270,(anonymous_13)
FNF:12
FNH:0
FNDA:0,(anonymous_2)
FNDA:0,(anonymous_3)
FNDA:0,(anonymous_4)
FNDA:0,(anonymous_5)
FNDA:0,(anonymous_6)
FNDA:0,(anonymous_7)
FNDA:0,(anonymous_8)
FNDA:0,(anonymous_9)
FNDA:0,(anonymous_10)
FNDA:0,(anonymous_11)
FNDA:0,(anonymous_12)
FNDA:0,(anonymous_13)
DA:1,0
DA:2,0
DA:3,0
DA:4,0
DA:18,0
DA:19,0
DA:22,0
DA:23,0
DA:27,0
DA:28,0
DA:31,0
DA:32,0
DA:34,0
DA:36,0
DA:37,0
DA:42,0
DA:43,0
DA:45,0
DA:47,0
DA:52,0
DA:66,0
DA:69,0
DA:70,0
DA:71,0
DA:74,0
DA:76,0
DA:86,0
DA:89,0
DA:90,0
DA:91,0
DA:92,0
DA:94,0
DA:95,0
DA:96,0
DA:98,0
DA:101,0
DA:105,0
DA:106,0
DA:116,0
DA:119,0
DA:120,0
DA:121,0
DA:124,0
DA:125,0
DA:126,0
DA:128,0
DA:129,0
DA:131,0
DA:132,0
DA:133,0
DA:135,0
DA:138,0
DA:141,0
DA:153,0
DA:164,0
DA:165,0
DA:168,0
DA:169,0
DA:180,0
DA:181,0
DA:193,0
DA:195,0
DA:196,0
DA:199,0
DA:200,0
DA:201,0
DA:202,0
DA:204,0
DA:205,0
DA:216,0
DA:217,0
DA:219,0
DA:220,0
DA:221,0
DA:222,0
DA:229,0
DA:236,0
DA:245,0
DA:247,0
DA:248,0
DA:251,0
DA:254,0
DA:256,0
DA:258,0
DA:259,0
DA:271,0
DA:272,0
DA:274,0
DA:275,0
DA:276,0
DA:280,0
LF:91
LH:0
BRDA:89,0,0,0
BRDA:89,0,1,0
BRDA:94,1,0,0
BRDA:94,1,1,0
BRDA:94,2,0,0
BRDA:94,2,1,0
BRDA:119,3,0,0
BRDA:119,3,1,0
BRDA:124,4,0,0
BRDA:124,4,1,0
BRDA:131,5,0,0
BRDA:131,5,1,0
BRDA:131,6,0,0
BRDA:131,6,1,0
BRDA:274,7,0,0
BRDA:274,7,1,0
BRDA:274,8,0,0
BRDA:274,8,1,0
BRDA:274,8,2,0
BRDA:274,8,3,0
BRDA:281,9,0,0
BRDA:281,9,1,0
BRF:22
BRH:0
end_of_record
TN:
SF:src\modules\initialization\services\initialization.service.ts
FN:21,(anonymous_2)
FN:23,(anonymous_3)
FN:45,(anonymous_4)
FN:69,(anonymous_5)
FN:78,(anonymous_6)
FN:88,(anonymous_7)
FN:112,(anonymous_8)
FN:115,(anonymous_9)
FN:132,(anonymous_10)
FN:188,(anonymous_11)
FNF:10
FNH:0
FNDA:0,(anonymous_2)
FNDA:0,(anonymous_3)
FNDA:0,(anonymous_4)
FNDA:0,(anonymous_5)
FNDA:0,(anonymous_6)
FNDA:0,(anonymous_7)
FNDA:0,(anonymous_8)
FNDA:0,(anonymous_9)
FNDA:0,(anonymous_10)
FNDA:0,(anonymous_11)
DA:1,0
DA:2,0
DA:16,0
DA:17,0
DA:18,0
DA:19,0
DA:21,0
DA:24,0
DA:26,0
DA:28,0
DA:31,0
DA:33,0
DA:35,0
DA:36,0
DA:46,0
DA:48,0
DA:49,0
DA:50,0
DA:53,0
DA:54,0
DA:60,0
DA:70,0
DA:79,0
DA:92,0
DA:93,0
DA:96,0
DA:97,0
DA:100,0
DA:103,0
DA:114,0
DA:115,0
DA:118,0
DA:120,0
DA:121,0
DA:133,0
DA:134,0
DA:136,0
DA:139,0
DA:140,0
DA:142,0
DA:144,0
DA:145,0
DA:146,0
DA:147,0
DA:151,0
DA:154,0
DA:155,0
DA:156,0
DA:158,0
DA:161,0
DA:162,0
DA:163,0
DA:164,0
DA:166,0
DA:169,0
DA:170,0
DA:171,0
DA:172,0
DA:174,0
DA:179,0
DA:189,0
DA:192,0
DA:193,0
DA:194,0
DA:195,0
DA:196,0
DA:197,0
DA:201,0
LF:68
LH:0
BRDA:48,0,0,0
BRDA:48,0,1,0
BRDA:96,1,0,0
BRDA:96,1,1,0
BRDA:144,2,0,0
BRDA:144,2,1,0
BRDA:144,3,0,0
BRDA:144,3,1,0
BRDA:164,4,0,0
BRDA:164,4,1,0
BRDA:169,5,0,0
BRDA:169,5,1,0
BRF:12
BRH:0
end_of_record
TN:
SF:src\modules\logger\logger.module.ts
FN:10,(anonymous_1)
FN:13,(anonymous_2)
FNF:2
FNH:0
FNDA:0,(anonymous_1)
FNDA:0,(anonymous_2)
DA:1,0
DA:2,0
DA:3,0
DA:10,0
DA:11,0
DA:14,0
DA:15,0
DA:18,0
DA:19,0
LF:9
LH:0
BRF:0
BRH:0
end_of_record
TN:
SF:src\modules\logger\logger.service.ts
FN:9,(anonymous_5)
FN:47,(anonymous_6)
FN:51,(anonymous_7)
FN:55,(anonymous_8)
FN:59,(anonymous_9)
FN:63,(anonymous_10)
FNF:6
FNH:0
FNDA:0,(anonymous_5)
FNDA:0,(anonymous_6)
FNDA:0,(anonymous_7)
FNDA:0,(anonymous_8)
FNDA:0,(anonymous_9)
FNDA:0,(anonymous_10)
DA:1,0
DA:2,0
DA:3,0
DA:6,0
DA:11,0
DA:13,0
DA:14,0
DA:15,0
DA:17,0
DA:18,0
DA:21,0
DA:23,0
DA:42,0
DA:43,0
DA:48,0
DA:52,0
DA:56,0
DA:60,0
DA:64,0
LF:19
LH:0
BRDA:21,0,0,0
BRDA:21,0,1,0
BRDA:25,1,0,0
BRDA:25,1,1,0
BRDA:33,2,0,0
BRDA:33,2,1,0
BRDA:42,3,0,0
BRDA:42,3,1,0
BRF:8
BRH:0
end_of_record
TN:
SF:src\modules\storage\storage.module.ts
FN:10,(anonymous_1)
FN:13,(anonymous_2)
FNF:2
FNH:0
FNDA:0,(anonymous_1)
FNDA:0,(anonymous_2)
DA:1,0
DA:2,0
DA:3,0
DA:10,0
DA:11,0
DA:14,0
DA:15,0
DA:17,0
DA:22,0
LF:9
LH:0
BRF:0
BRH:0
end_of_record
TN:
SF:src\modules\storage\storage.service.ts
FN:11,(anonymous_11)
FN:13,(anonymous_12)
FN:44,(anonymous_13)
FN:77,(anonymous_14)
FN:82,(anonymous_15)
FN:97,(anonymous_16)
FNF:6
FNH:0
FNDA:0,(anonymous_11)
FNDA:0,(anonymous_12)
FNDA:0,(anonymous_13)
FNDA:0,(anonymous_14)
FNDA:0,(anonymous_15)
FNDA:0,(anonymous_16)
DA:1,2
DA:2,2
DA:3,2
DA:5,2
DA:8,2
DA:9,0
DA:11,0
DA:14,0
DA:15,0
DA:17,0
DA:18,0
DA:19,0
DA:20,0
DA:21,0
DA:24,0
DA:34,0
DA:35,0
DA:37,0
DA:39,0
DA:40,0
DA:45,0
DA:47,0
DA:48,0
DA:49,0
DA:52,0
DA:53,0
DA:55,0
DA:66,0
DA:67,0
DA:69,0
DA:70,0
DA:72,0
DA:73,0
DA:78,0
DA:80,0
DA:81,0
DA:82,0
DA:83,0
DA:84,0
DA:86,0
DA:89,0
DA:90,0
DA:92,0
DA:93,0
DA:98,0
DA:99,0
LF:46
LH:5
BRDA:19,0,0,0
BRDA:19,0,1,0
BRDA:48,1,0,0
BRDA:48,1,1,0
BRDA:69,2,0,0
BRDA:69,2,1,0
BRDA:81,3,0,0
BRDA:81,3,1,0
BRDA:89,4,0,0
BRDA:89,4,1,0
BRF:10
BRH:0
end_of_record
